{"sessionId": "c97c4e", "runId": "pre-fix", "hypothesisId": "H1", "location": "tasks/middleware.py:__call__", "message": "request seen", "data": {"path": "/tasks/", "method": "GET", "user_authenticated": true}, "timestamp": 1777118884519}
{"sessionId": "c97c4e", "runId": "pre-fix", "hypothesisId": "H1", "location": "tasks/middleware.py:__call__", "message": "request seen", "data": {"path": "/tasks/", "method": "GET", "user_authenticated": true}, "timestamp": 1777118884694}
{"sessionId": "c97c4e", "runId": "pre-fix", "hypothesisId": "H1", "location": "tasks/middleware.py:__call__", "message": "request seen", "data": {"path": "/tasks/", "method": "GET", "user_authenticated": true}, "timestamp": 1777118884881}
{"sessionId": "c97c4e", "runId": "pre-fix", "hypothesisId": "H1", "location": "tasks/middleware.py:__call__", "message": "request seen", "data": {"path": "/", "method": "GET", "user_authenticated": true}, "timestamp": 1777118886272}
{"sessionId": "c97c4e", "runId": "pre-fix", "hypothesisId": "H1", "location": "tasks/middleware.py:__call__", "message": "request seen", "data": {"path": "/tasks/", "method": "GET", "user_authenticated": true}, "timestamp": 1777118888945}
{"sessionId": "c97c4e", "runId": "pre-fix", "hypothesisId": "H1", "location": "tasks/middleware.py:__call__", "message": "request seen", "data": {"path": "/", "method": "GET", "user_authenticated": true}, "timestamp": 1777118914774}
{"sessionId": "c97c4e", "runId": "pre-fix", "hypothesisId": "H1", "location": "tasks/middleware.py:__call__", "message": "request seen", "data": {"path": "/topics/", "method": "GET", "user_authenticated": true}, "timestamp": 1777118917199}
{"sessionId": "c97c4e", "runId": "pre-fix", "hypothesisId": "H1", "location": "tasks/middleware.py:__call__", "message": "request seen", "data": {"path": "/tasks/", "method": "GET", "user_authenticated": true}, "timestamp": 1777118922321}
{"sessionId": "c97c4e", "runId": "pre-fix", "hypothesisId": "H1", "location": "tasks/middleware.py:__call__", "message": "request seen", "data": {"path": "/tasks/", "method": "GET", "user_authenticated": true}, "timestamp": 1777118923998}
{"sessionId": "c97c4e", "runId": "pre-fix", "hypothesisId": "H1", "location": "tasks/middleware.py:__call__", "message": "request seen", "data": {"path": "/topics/", "method": "GET", "user_authenticated": true}, "timestamp": 1777118925148}
{"sessionId": "c97c4e", "runId": "pre-fix", "hypothesisId": "H1", "location": "tasks/middleware.py:__call__", "message": "request seen", "data": {"path": "/history/", "method": "GET", "user_authenticated": true}, "timestamp": 1777118925825}
{"sessionId": "c97c4e", "runId": "pre-fix", "hypothesisId": "H1", "location": "tasks/middleware.py:__call__", "message": "request seen", "data": {"path": "/dashboard/", "method": "GET", "user_authenticated": true}, "timestamp": 1777118929513}
{"sessionId": "c97c4e", "runId": "pre-fix", "hypothesisId": "H1", "location": "tasks/middleware.py:__call__", "message": "request seen", "data": {"path": "/logout/", "method": "GET", "user_authenticated": true}, "timestamp": 1777118932185}
{"sessionId": "c97c4e", "runId": "pre-fix", "hypothesisId": "H1", "location": "tasks/middleware.py:__call__", "message": "request seen", "data": {"path": "/", "method": "GET", "user_authenticated": false}, "timestamp": 1777118932204}
{"sessionId": "c97c4e", "runId": "pre-fix", "hypothesisId": "H1", "location": "tasks/middleware.py:__call__", "message": "request seen", "data": {"path": "/login/", "method": "GET", "user_authenticated": false}, "timestamp": 1777118933722}
{"sessionId": "c97c4e", "runId": "pre-fix", "hypothesisId": "H1", "location": "tasks/middleware.py:__call__", "message": "request seen", "data": {"path": "/login/", "method": "POST", "user_authenticated": false}, "timestamp": 1777118940486}
{"sessionId": "c97c4e", "runId": "pre-fix", "hypothesisId": "H1", "location": "tasks/middleware.py:__call__", "message": "request seen", "data": {"path": "/", "method": "GET", "user_authenticated": true}, "timestamp": 1777118940934}
{"sessionId": "c97c4e", "runId": "pre-fix", "hypothesisId": "H1", "location": "tasks/middleware.py:__call__", "message": "request seen", "data": {"path": "/tasks/new/", "method": "GET", "user_authenticated": true}, "timestamp": 1777118945166}
{"sessionId": "c97c4e", "runId": "pre-fix", "hypothesisId": "H1", "location": "tasks/middleware.py:__call__", "message": "request seen", "data": {"path": "/dashboard/", "method": "GET", "user_authenticated": true}, "timestamp": 1777118948000}
{"sessionId": "c97c4e", "runId": "pre-fix", "hypothesisId": "H1", "location": "tasks/middleware.py:__call__", "message": "request seen", "data": {"path": "/", "method": "GET", "user_authenticated": true}, "timestamp": 1777118948692}
{"sessionId": "c97c4e", "runId": "pre-fix", "hypothesisId": "H1", "location": "tasks/middleware.py:__call__", "message": "request seen", "data": {"path": "/tasks/", "method": "GET", "user_authenticated": true}, "timestamp": 1777118950523}
{"sessionId": "c97c4e", "runId": "pre-fix", "hypothesisId": "H1", "location": "tasks/middleware.py:__call__", "message": "request seen", "data": {"path": "/tasks/", "method": "GET", "user_authenticated": true}, "timestamp": 1777118952925}
{"sessionId": "c97c4e", "runId": "pre-fix", "hypothesisId": "H1", "location": "tasks/middleware.py:__call__", "message": "request seen", "data": {"path": "/tasks/", "method": "GET", "user_authenticated": true}, "timestamp": 1777118953118}
{"sessionId": "c97c4e", "runId": "pre-fix", "hypothesisId": "H1", "location": "tasks/middleware.py:__call__", "message": "request seen", "data": {"path": "/", "method": "GET", "user_authenticated": true}, "timestamp": 1777118954871}
{"sessionId": "c97c4e", "runId": "pre-fix", "hypothesisId": "H1", "location": "tasks/middleware.py:__call__", "message": "request seen", "data": {"path": "/tasks/new/", "method": "GET", "user_authenticated": true}, "timestamp": 1777118956169}
{"sessionId": "c97c4e", "runId": "pre-fix", "hypothesisId": "H1", "location": "tasks/middleware.py:__call__", "message": "request seen", "data": {"path": "/tasks/new/", "method": "POST", "user_authenticated": true}, "timestamp": 1777118963530}
{"sessionId": "c97c4e", "runId": "pre-fix", "hypothesisId": "H1", "location": "tasks/middleware.py:__call__", "message": "request seen", "data": {"path": "/tasks/", "method": "GET", "user_authenticated": true}, "timestamp": 1777118963582}
{"sessionId": "c97c4e", "runId": "pre-fix", "hypothesisId": "H1", "location": "tasks/middleware.py:__call__", "message": "request seen", "data": {"path": "/tasks/16/edit/", "method": "GET", "user_authenticated": true}, "timestamp": 1777118965737}
{"sessionId": "c97c4e", "runId": "pre-fix", "hypothesisId": "H1", "location": "tasks/middleware.py:__call__", "message": "request seen", "data": {"path": "/tasks/16/edit/", "method": "POST", "user_authenticated": true}, "timestamp": 1777118968290}
{"sessionId": "c97c4e", "runId": "pre-fix", "hypothesisId": "H1", "location": "tasks/middleware.py:__call__", "message": "request seen", "data": {"path": "/tasks/", "method": "GET", "user_authenticated": true}, "timestamp": 1777118968326}
{"sessionId": "c97c4e", "runId": "pre-fix", "hypothesisId": "H1", "location": "tasks/middleware.py:__call__", "message": "request seen", "data": {"path": "/tasks/16/complete/", "method": "POST", "user_authenticated": true}, "timestamp": 1777118970802}
{"sessionId": "c97c4e", "runId": "pre-fix", "hypothesisId": "H1", "location": "tasks/middleware.py:__call__", "message": "request seen", "data": {"path": "/tasks/", "method": "GET", "user_authenticated": true}, "timestamp": 1777118970845}
{"sessionId": "c97c4e", "runId": "pre-fix", "hypothesisId": "H1", "location": "tasks/middleware.py:__call__", "message": "request seen", "data": {"path": "/logout/", "method": "GET", "user_authenticated": true}, "timestamp": 1777118973210}
{"sessionId": "c97c4e", "runId": "pre-fix", "hypothesisId": "H1", "location": "tasks/middleware.py:__call__", "message": "request seen", "data": {"path": "/", "method": "GET", "user_authenticated": false}, "timestamp": 1777118973232}
{"sessionId": "c97c4e", "runId": "pre-fix", "hypothesisId": "H1", "location": "tasks/middleware.py:__call__", "message": "request seen", "data": {"path": "/login/", "method": "GET", "user_authenticated": false}, "timestamp": 1777118974779}
{"sessionId": "c97c4e", "runId": "pre-fix", "hypothesisId": "H1", "location": "tasks/middleware.py:__call__", "message": "request seen", "data": {"path": "/login/", "method": "POST", "user_authenticated": false}, "timestamp": 1777118980239}
{"sessionId": "c97c4e", "runId": "pre-fix", "hypothesisId": "H1", "location": "tasks/middleware.py:__call__", "message": "request seen", "data": {"path": "/", "method": "GET", "user_authenticated": true}, "timestamp": 1777118980701}
{"sessionId": "c97c4e", "runId": "pre-fix", "hypothesisId": "H1", "location": "tasks/middleware.py:__call__", "message": "request seen", "data": {"path": "/tasks/new/", "method": "GET", "user_authenticated": true}, "timestamp": 1777118982788}
{"sessionId": "c97c4e", "runId": "pre-fix", "hypothesisId": "H1", "location": "tasks/middleware.py:__call__", "message": "request seen", "data": {"path": "/tasks/new/", "method": "POST", "user_authenticated": true}, "timestamp": 1777118988158}
{"sessionId": "c97c4e", "runId": "pre-fix", "hypothesisId": "H1", "location": "tasks/middleware.py:__call__", "message": "request seen", "data": {"path": "/tasks/", "method": "GET", "user_authenticated": true}, "timestamp": 1777118988212}
{"sessionId": "c97c4e", "runId": "pre-fix", "hypothesisId": "H1", "location": "tasks/middleware.py:__call__", "message": "request seen", "data": {"path": "/tasks/17/complete/", "method": "POST", "user_authenticated": true}, "timestamp": 1777118990991}
{"sessionId": "c97c4e", "runId": "pre-fix", "hypothesisId": "H1", "location": "tasks/middleware.py:__call__", "message": "request seen", "data": {"path": "/tasks/", "method": "GET", "user_authenticated": true}, "timestamp": 1777118991032}
{"sessionId": "c97c4e", "runId": "pre-fix", "hypothesisId": "H1", "location": "tasks/middleware.py:__call__", "message": "request seen", "data": {"path": "/", "method": "GET", "user_authenticated": true}, "timestamp": 1777118992403}
{"sessionId": "c97c4e", "runId": "pre-fix", "hypothesisId": "H1", "location": "tasks/middleware.py:__call__", "message": "request seen", "data": {"path": "/tasks/", "method": "GET", "user_authenticated": true}, "timestamp": 1777118995282}
{"sessionId": "c97c4e", "runId": "pre-fix", "hypothesisId": "H1", "location": "tasks/middleware.py:__call__", "message": "request seen", "data": {"path": "/dashboard/", "method": "GET", "user_authenticated": true}, "timestamp": 1777118997602}
{"sessionId": "c97c4e", "runId": "pre-fix", "hypothesisId": "H1", "location": "tasks/middleware.py:__call__", "message": "request seen", "data": {"path": "/dashboard/", "method": "GET", "user_authenticated": true}, "timestamp": 1777119010083}
{"sessionId": "c97c4e", "runId": "pre-fix", "hypothesisId": "H1", "location": "tasks/middleware.py:__call__", "message": "request seen", "data": {"path": "/history/", "method": "GET", "user_authenticated": true}, "timestamp": 1777119016652}
{"sessionId": "c97c4e", "runId": "pre-fix", "hypothesisId": "H1", "location": "tasks/middleware.py:__call__", "message": "request seen", "data": {"path": "/dashboard/", "method": "GET", "user_authenticated": true}, "timestamp": 1777119031172}
{"sessionId": "c97c4e", "runId": "pre-fix", "hypothesisId": "H1", "location": "tasks/middleware.py:__call__", "message": "request seen", "data": {"path": "/dashboard/", "method": "GET", "user_authenticated": true}, "timestamp": 1777119094343}
{"sessionId": "c97c4e", "runId": "pre-fix", "hypothesisId": "H1", "location": "tasks/middleware.py:__call__", "message": "request seen", "data": {"path": "/dashboard/", "method": "GET", "user_authenticated": true}, "timestamp": 1777119095169}
{"sessionId": "c97c4e", "runId": "pre-fix", "hypothesisId": "H1", "location": "tasks/middleware.py:__call__", "message": "request seen", "data": {"path": "/dashboard/", "method": "GET", "user_authenticated": true}, "timestamp": 1777119095391}
{"sessionId": "c97c4e", "runId": "pre-fix", "hypothesisId": "H1", "location": "tasks/middleware.py:__call__", "message": "request seen", "data": {"path": "/dashboard/", "method": "GET", "user_authenticated": true}, "timestamp": 1777119095585}
{"sessionId": "c97c4e", "runId": "pre-fix", "hypothesisId": "H1", "location": "tasks/middleware.py:__call__", "message": "request seen", "data": {"path": "/dashboard/", "method": "GET", "user_authenticated": true}, "timestamp": 1777119095758}
{"sessionId": "c97c4e", "runId": "pre-fix", "hypothesisId": "H1", "location": "tasks/middleware.py:__call__", "message": "request seen", "data": {"path": "/dashboard/", "method": "GET", "user_authenticated": true}, "timestamp": 1777119095940}
{"sessionId": "c97c4e", "runId": "pre-fix", "hypothesisId": "H1", "location": "tasks/middleware.py:__call__", "message": "request seen", "data": {"path": "/dashboard/", "method": "GET", "user_authenticated": true}, "timestamp": 1777119096119}
{"sessionId": "c97c4e", "runId": "pre-fix", "hypothesisId": "H1", "location": "tasks/middleware.py:__call__", "message": "request seen", "data": {"path": "/dashboard/", "method": "GET", "user_authenticated": true}, "timestamp": 1777119096308}
{"sessionId": "c97c4e", "runId": "pre-fix", "hypothesisId": "H1", "location": "tasks/middleware.py:__call__", "message": "request seen", "data": {"path": "/dashboard/", "method": "GET", "user_authenticated": true}, "timestamp": 1777119096538}
{"sessionId": "c97c4e", "runId": "pre-fix", "hypothesisId": "H1", "location": "tasks/middleware.py:__call__", "message": "request seen", "data": {"path": "/dashboard/", "method": "GET", "user_authenticated": true}, "timestamp": 1777119101075}
{"sessionId": "c97c4e", "runId": "pre-fix", "hypothesisId": "H1", "location": "tasks/middleware.py:__call__", "message": "request seen", "data": {"path": "/dashboard/", "method": "GET", "user_authenticated": true}, "timestamp": 1777119102515}
{"sessionId": "c97c4e", "runId": "pre-fix", "hypothesisId": "H1", "location": "tasks/middleware.py:__call__", "message": "request seen", "data": {"path": "/", "method": "GET", "user_authenticated": true}, "timestamp": 1777119104533}
{"sessionId": "c97c4e", "runId": "pre-fix", "hypothesisId": "H1", "location": "tasks/middleware.py:__call__", "message": "request seen", "data": {"path": "/", "method": "GET", "user_authenticated": true}, "timestamp": 1777119200120}
{"sessionId": "c97c4e", "runId": "pre-fix", "hypothesisId": "H1", "location": "tasks/middleware.py:__call__", "message": "request seen", "data": {"path": "/", "method": "GET", "user_authenticated": true}, "timestamp": 1777119200317}
{"sessionId": "c97c4e", "runId": "pre-fix", "hypothesisId": "H1", "location": "tasks/middleware.py:__call__", "message": "request seen", "data": {"path": "/", "method": "GET", "user_authenticated": true}, "timestamp": 1777119200503}
{"sessionId": "c97c4e", "runId": "pre-fix", "hypothesisId": "H1", "location": "tasks/middleware.py:__call__", "message": "request seen", "data": {"path": "/", "method": "GET", "user_authenticated": true}, "timestamp": 1777119200676}
{"sessionId": "c97c4e", "runId": "pre-fix", "hypothesisId": "H1", "location": "tasks/middleware.py:__call__", "message": "request seen", "data": {"path": "/dashboard/", "method": "GET", "user_authenticated": true}, "timestamp": 1777119201538}
{"sessionId": "c97c4e", "runId": "pre-fix", "hypothesisId": "H1", "location": "tasks/middleware.py:__call__", "message": "request seen", "data": {"path": "/dashboard/", "method": "GET", "user_authenticated": true}, "timestamp": 1777119275376}
{"sessionId": "c97c4e", "runId": "pre-fix", "hypothesisId": "H1", "location": "tasks/middleware.py:__call__", "message": "request seen", "data": {"path": "/dashboard/", "method": "GET", "user_authenticated": true}, "timestamp": 1777119276311}
{"sessionId": "c97c4e", "runId": "pre-fix", "hypothesisId": "H1", "location": "tasks/middleware.py:__call__", "message": "request seen", "data": {"path": "/dashboard/", "method": "GET", "user_authenticated": true}, "timestamp": 1777119276656}
{"sessionId": "c97c4e", "runId": "pre-fix", "hypothesisId": "H1", "location": "tasks/middleware.py:__call__", "message": "request seen", "data": {"path": "/dashboard/", "method": "GET", "user_authenticated": true}, "timestamp": 1777119276873}
{"sessionId": "c97c4e", "runId": "pre-fix", "hypothesisId": "H1", "location": "tasks/middleware.py:__call__", "message": "request seen", "data": {"path": "/dashboard/", "method": "GET", "user_authenticated": true}, "timestamp": 1777119328199}
{"sessionId": "c97c4e", "runId": "pre-fix", "hypothesisId": "H1", "location": "tasks/middleware.py:__call__", "message": "request seen", "data": {"path": "/dashboard/", "method": "GET", "user_authenticated": true}, "timestamp": 1777119329006}
{"sessionId": "c97c4e", "runId": "pre-fix", "hypothesisId": "H1", "location": "tasks/middleware.py:__call__", "message": "request seen", "data": {"path": "/dashboard/", "method": "GET", "user_authenticated": true}, "timestamp": 1777119329826}
{"sessionId": "c97c4e", "runId": "pre-fix", "hypothesisId": "H1", "location": "tasks/middleware.py:__call__", "message": "request seen", "data": {"path": "/", "method": "GET", "user_authenticated": true}, "timestamp": 1777119332142}
{"sessionId": "c97c4e", "runId": "pre-fix", "hypothesisId": "H1", "location": "tasks/middleware.py:__call__", "message": "request seen", "data": {"path": "/dashboard/", "method": "GET", "user_authenticated": true}, "timestamp": 1777119339701}
{"sessionId": "c97c4e", "runId": "pre-fix", "hypothesisId": "H1", "location": "tasks/middleware.py:__call__", "message": "request seen", "data": {"path": "/topics/", "method": "GET", "user_authenticated": true}, "timestamp": 1777119341410}
{"sessionId": "c97c4e", "runId": "pre-fix", "hypothesisId": "H1", "location": "tasks/middleware.py:__call__", "message": "request seen", "data": {"path": "/history/", "method": "GET", "user_authenticated": true}, "timestamp": 1777119342279}
{"sessionId": "c97c4e", "runId": "pre-fix", "hypothesisId": "H1", "location": "tasks/middleware.py:__call__", "message": "request seen", "data": {"path": "/408/", "method": "GET", "user_authenticated": true}, "timestamp": 1777119543584}
{"sessionId": "c97c4e", "runId": "pre-fix", "hypothesisId": "H1", "location": "tasks/middleware.py:__call__", "message": "request seen", "data": {"path": "/408/", "method": "GET", "user_authenticated": true}, "timestamp": 1777119545990}
{"sessionId": "c97c4e", "runId": "pre-fix", "hypothesisId": "H1", "location": "tasks/middleware.py:__call__", "message": "request seen", "data": {"path": "/408/", "method": "GET", "user_authenticated": true}, "timestamp": 1777119546778}
{"sessionId": "c97c4e", "runId": "pre-fix", "hypothesisId": "H1", "location": "tasks/middleware.py:__call__", "message": "request seen", "data": {"path": "/408/", "method": "GET", "user_authenticated": true}, "timestamp": 1777119546974}
{"sessionId": "c97c4e", "runId": "pre-fix", "hypothesisId": "H1", "location": "tasks/middleware.py:__call__", "message": "request seen", "data": {"path": "/408/", "method": "GET", "user_authenticated": true}, "timestamp": 1777119547148}
{"sessionId": "c97c4e", "runId": "pre-fix", "hypothesisId": "H1", "location": "tasks/middleware.py:__call__", "message": "request seen", "data": {"path": "/408/", "method": "GET", "user_authenticated": true}, "timestamp": 1777119547310}
{"sessionId": "c97c4e", "runId": "pre-fix", "hypothesisId": "H1", "location": "tasks/middleware.py:__call__", "message": "request seen", "data": {"path": "/408/", "method": "GET", "user_authenticated": true}, "timestamp": 1777119547483}
{"sessionId": "c97c4e", "runId": "pre-fix", "hypothesisId": "H1", "location": "tasks/middleware.py:__call__", "message": "request seen", "data": {"path": "/408/", "method": "GET", "user_authenticated": true}, "timestamp": 1777119547671}
{"sessionId": "c97c4e", "runId": "pre-fix", "hypothesisId": "H1", "location": "tasks/middleware.py:__call__", "message": "request seen", "data": {"path": "/logout/", "method": "GET", "user_authenticated": true}, "timestamp": 1777119558873}
{"sessionId": "c97c4e", "runId": "pre-fix", "hypothesisId": "H1", "location": "tasks/middleware.py:__call__", "message": "request seen", "data": {"path": "/", "method": "GET", "user_authenticated": false}, "timestamp": 1777119558891}
{"sessionId": "c97c4e", "runId": "pre-fix", "hypothesisId": "H1", "location": "tasks/middleware.py:__call__", "message": "request seen", "data": {"path": "/login/", "method": "GET", "user_authenticated": false}, "timestamp": 1777119560220}
{"sessionId": "c97c4e", "runId": "pre-fix", "hypothesisId": "H1", "location": "tasks/middleware.py:__call__", "message": "request seen", "data": {"path": "/login/", "method": "POST", "user_authenticated": false}, "timestamp": 1777119561683}
{"sessionId": "c97c4e", "runId": "pre-fix", "hypothesisId": "H1", "location": "tasks/middleware.py:__call__", "message": "request seen", "data": {"path": "/login/", "method": "POST", "user_authenticated": false}, "timestamp": 1777119563286}
{"sessionId": "c97c4e", "runId": "pre-fix", "hypothesisId": "H1", "location": "tasks/middleware.py:__call__", "message": "request seen", "data": {"path": "/login/", "method": "POST", "user_authenticated": false}, "timestamp": 1777119563962}
{"sessionId": "c97c4e", "runId": "pre-fix", "hypothesisId": "H1", "location": "tasks/middleware.py:__call__", "message": "request seen", "data": {"path": "/login/", "method": "POST", "user_authenticated": false}, "timestamp": 1777119564174}
{"sessionId": "c97c4e", "runId": "pre-fix", "hypothesisId": "H1", "location": "tasks/middleware.py:__call__", "message": "request seen", "data": {"path": "/login/", "method": "POST", "user_authenticated": false}, "timestamp": 1777119564353}
{"sessionId": "c97c4e", "runId": "pre-fix", "hypothesisId": "H1", "location": "tasks/middleware.py:__call__", "message": "request seen", "data": {"path": "/login/", "method": "POST", "user_authenticated": false}, "timestamp": 1777119564571}
{"sessionId": "c97c4e", "runId": "pre-fix", "hypothesisId": "H1", "location": "tasks/middleware.py:__call__", "message": "request seen", "data": {"path": "/login/", "method": "POST", "user_authenticated": false}, "timestamp": 1777119568969}
{"sessionId": "c97c4e", "runId": "pre-fix", "hypothesisId": "H1", "location": "tasks/middleware.py:__call__", "message": "request seen", "data": {"path": "/", "method": "GET", "user_authenticated": true}, "timestamp": 1777119569405}
{"sessionId": "c97c4e", "runId": "pre-fix", "hypothesisId": "H1", "location": "tasks/middleware.py:__call__", "message": "request seen", "data": {"path": "/", "method": "GET", "user_authenticated": false}, "timestamp": 1777119594076}
{"sessionId": "c97c4e", "runId": "pre-fix", "hypothesisId": "H1", "location": "tasks/middleware.py:__call__", "message": "request seen", "data": {"path": "/favicon.ico", "method": "GET", "user_authenticated": false}, "timestamp": 1777119594724}
{"sessionId": "c97c4e", "runId": "pre-fix", "hypothesisId": "H1", "location": "tasks/middleware.py:__call__", "message": "request seen", "data": {"path": "/", "method": "GET", "user_authenticated": false}, "timestamp": 1777119596645}
{"sessionId": "c97c4e", "runId": "pre-fix", "hypothesisId": "H1", "location": "tasks/middleware.py:__call__", "message": "request seen", "data": {"path": "/login/", "method": "GET", "user_authenticated": false}, "timestamp": 1777119597518}
{"sessionId": "c97c4e", "runId": "pre-fix", "hypothesisId": "H1", "location": "tasks/middleware.py:__call__", "message": "request seen", "data": {"path": "/login/", "method": "POST", "user_authenticated": false}, "timestamp": 1777119609285}
{"sessionId": "c97c4e", "runId": "pre-fix", "hypothesisId": "H1", "location": "tasks/middleware.py:__call__", "message": "request seen", "data": {"path": "/", "method": "GET", "user_authenticated": true}, "timestamp": 1777119609726}
{"sessionId": "c97c4e", "runId": "pre-fix", "hypothesisId": "H1", "location": "tasks/middleware.py:__call__", "message": "request seen", "data": {"path": "/", "method": "GET", "user_authenticated": true}, "timestamp": 1777119614812}
{"sessionId": "c97c4e", "runId": "pre-fix", "hypothesisId": "H2", "location": "tasks/middleware.py:__call__", "message": "kicked due to other session", "data": {"path": "/", "session_key_present": true}, "timestamp": 1777119614819}
{"sessionId": "c97c4e", "runId": "pre-fix", "hypothesisId": "H1", "location": "tasks/middleware.py:__call__", "message": "request seen", "data": {"path": "/", "method": "GET", "user_authenticated": false}, "timestamp": 1777119616584}
{"sessionId": "c97c4e", "runId": "pre-fix", "hypothesisId": "H1", "location": "tasks/middleware.py:__call__", "message": "request seen", "data": {"path": "/", "method": "GET", "user_authenticated": false}, "timestamp": 1777119617928}
{"sessionId": "c97c4e", "runId": "pre-fix", "hypothesisId": "H1", "location": "tasks/middleware.py:__call__", "message": "request seen", "data": {"path": "/", "method": "GET", "user_authenticated": false}, "timestamp": 1777119618384}
{"sessionId": "c97c4e", "runId": "pre-fix", "hypothesisId": "H1", "location": "tasks/middleware.py:__call__", "message": "request seen", "data": {"path": "/", "method": "GET", "user_authenticated": false}, "timestamp": 1777119618607}
{"sessionId": "c97c4e", "runId": "pre-fix", "hypothesisId": "H1", "location": "tasks/middleware.py:__call__", "message": "request seen", "data": {"path": "/login/", "method": "GET", "user_authenticated": false}, "timestamp": 1777119712373}
{"sessionId": "c97c4e", "runId": "pre-fix", "hypothesisId": "H1", "location": "tasks/middleware.py:__call__", "message": "request seen", "data": {"path": "/logout/", "method": "GET", "user_authenticated": true}, "timestamp": 1777119780318}
{"sessionId": "c97c4e", "runId": "pre-fix", "hypothesisId": "H1", "location": "tasks/middleware.py:__call__", "message": "request seen", "data": {"path": "/", "method": "GET", "user_authenticated": false}, "timestamp": 1777119780338}
{"sessionId": "c97c4e", "runId": "pre-fix", "hypothesisId": "H1", "location": "tasks/middleware.py:__call__", "message": "request seen", "data": {"path": "/login/", "method": "GET", "user_authenticated": false}, "timestamp": 1777119781344}
{"sessionId": "c97c4e", "runId": "pre-fix", "hypothesisId": "H1", "location": "tasks/middleware.py:__call__", "message": "request seen", "data": {"path": "/login/", "method": "GET", "user_authenticated": false}, "timestamp": 1777119783887}
{"sessionId": "c97c4e", "runId": "pre-fix", "hypothesisId": "H1", "location": "tasks/middleware.py:__call__", "message": "request seen", "data": {"path": "/login/", "method": "GET", "user_authenticated": false}, "timestamp": 1777119784152}
{"sessionId": "c97c4e", "runId": "pre-fix", "hypothesisId": "H1", "location": "tasks/middleware.py:__call__", "message": "request seen", "data": {"path": "/login/", "method": "GET", "user_authenticated": false}, "timestamp": 1777119784442}
{"sessionId": "c97c4e", "runId": "pre-fix", "hypothesisId": "H1", "location": "tasks/middleware.py:__call__", "message": "request seen", "data": {"path": "/login/", "method": "GET", "user_authenticated": false}, "timestamp": 1777119784667}
{"sessionId": "c97c4e", "runId": "pre-fix", "hypothesisId": "H1", "location": "tasks/middleware.py:__call__", "message": "request seen", "data": {"path": "/login/", "method": "GET", "user_authenticated": false}, "timestamp": 1777119784863}
{"sessionId": "c97c4e", "runId": "pre-fix", "hypothesisId": "H1", "location": "tasks/middleware.py:__call__", "message": "request seen", "data": {"path": "/login/", "method": "GET", "user_authenticated": false}, "timestamp": 1777119785056}
{"sessionId": "c97c4e", "runId": "pre-fix", "hypothesisId": "H1", "location": "tasks/middleware.py:__call__", "message": "request seen", "data": {"path": "/login/", "method": "GET", "user_authenticated": false}, "timestamp": 1777119785244}
{"sessionId": "c97c4e", "runId": "pre-fix", "hypothesisId": "H1", "location": "tasks/middleware.py:__call__", "message": "request seen", "data": {"path": "/login/", "method": "GET", "user_authenticated": false}, "timestamp": 1777119785410}
{"sessionId": "c97c4e", "runId": "pre-fix", "hypothesisId": "H1", "location": "tasks/middleware.py:__call__", "message": "request seen", "data": {"path": "/login/", "method": "GET", "user_authenticated": false}, "timestamp": 1777119785641}
{"sessionId": "c97c4e", "runId": "pre-fix", "hypothesisId": "H1", "location": "tasks/middleware.py:__call__", "message": "request seen", "data": {"path": "/login/", "method": "GET", "user_authenticated": false}, "timestamp": 1777119786421}
{"sessionId": "c97c4e", "runId": "pre-fix", "hypothesisId": "H1", "location": "tasks/middleware.py:__call__", "message": "request seen", "data": {"path": "/login/", "method": "GET", "user_authenticated": false}, "timestamp": 1777119786624}
{"sessionId": "c97c4e", "runId": "pre-fix", "hypothesisId": "H1", "location": "tasks/middleware.py:__call__", "message": "request seen", "data": {"path": "/login/", "method": "GET", "user_authenticated": false}, "timestamp": 1777119786857}
{"sessionId": "c97c4e", "runId": "pre-fix", "hypothesisId": "H1", "location": "tasks/middleware.py:__call__", "message": "request seen", "data": {"path": "/", "method": "GET", "user_authenticated": false}, "timestamp": 1777119950857}
{"sessionId": "c97c4e", "runId": "pre-fix", "hypothesisId": "H1", "location": "tasks/middleware.py:__call__", "message": "request seen", "data": {"path": "/", "method": "GET", "user_authenticated": false}, "timestamp": 1777119953288}
{"sessionId": "c97c4e", "runId": "pre-fix", "hypothesisId": "H1", "location": "tasks/middleware.py:__call__", "message": "request seen", "data": {"path": "/tasks/export/daily-pdf/", "method": "GET", "user_authenticated": false}, "timestamp": 1777119959562}
{"sessionId": "c97c4e", "runId": "pre-fix", "hypothesisId": "H1", "location": "tasks/middleware.py:__call__", "message": "request seen", "data": {"path": "/login/", "method": "GET", "user_authenticated": false}, "timestamp": 1777119959570}
{"sessionId": "c97c4e", "runId": "pre-fix", "hypothesisId": "H1", "location": "tasks/middleware.py:__call__", "message": "request seen", "data": {"path": "/login/", "method": "GET", "user_authenticated": false}, "timestamp": 1777120013730}
{"sessionId": "c97c4e", "runId": "pre-fix", "hypothesisId": "H1", "location": "tasks/middleware.py:__call__", "message": "request seen", "data": {"path": "/login/", "method": "GET", "user_authenticated": false}, "timestamp": 1777120014327}
{"sessionId": "c97c4e", "runId": "pre-fix", "hypothesisId": "H1", "location": "tasks/middleware.py:__call__", "message": "request seen", "data": {"path": "/login/", "method": "GET", "user_authenticated": false}, "timestamp": 1777120014513}
{"sessionId": "c97c4e", "runId": "pre-fix", "hypothesisId": "H1", "location": "tasks/middleware.py:__call__", "message": "request seen", "data": {"path": "/login/", "method": "GET", "user_authenticated": false}, "timestamp": 1777120014672}
{"sessionId": "c97c4e", "runId": "pre-fix", "hypothesisId": "H1", "location": "tasks/middleware.py:__call__", "message": "request seen", "data": {"path": "/login/", "method": "GET", "user_authenticated": false}, "timestamp": 1777120014838}
{"sessionId": "c97c4e", "runId": "pre-fix", "hypothesisId": "H1", "location": "tasks/middleware.py:__call__", "message": "request seen", "data": {"path": "/login/", "method": "GET", "user_authenticated": false}, "timestamp": 1777120016352}
{"sessionId": "c97c4e", "runId": "pre-fix", "hypothesisId": "H1", "location": "tasks/middleware.py:__call__", "message": "request seen", "data": {"path": "/login/", "method": "GET", "user_authenticated": false}, "timestamp": 1777120016570}
{"sessionId": "c97c4e", "runId": "pre-fix", "hypothesisId": "H1", "location": "tasks/middleware.py:__call__", "message": "request seen", "data": {"path": "/login/", "method": "GET", "user_authenticated": false}, "timestamp": 1777120016755}
{"sessionId": "c97c4e", "runId": "pre-fix", "hypothesisId": "H1", "location": "tasks/middleware.py:__call__", "message": "request seen", "data": {"path": "/login/", "method": "GET", "user_authenticated": false}, "timestamp": 1777120016934}
{"sessionId": "c97c4e", "runId": "pre-fix", "hypothesisId": "H1", "location": "tasks/middleware.py:__call__", "message": "request seen", "data": {"path": "/favicon.ico", "method": "GET", "user_authenticated": false}, "timestamp": 1777122683885}
{"sessionId": "c97c4e", "runId": "pre-fix", "hypothesisId": "H1", "location": "tasks/middleware.py:__call__", "message": "request seen", "data": {"path": "/login/", "method": "GET", "user_authenticated": false}, "timestamp": 1777125217998}
{"sessionId": "c97c4e", "runId": "pre-fix", "hypothesisId": "H1", "location": "tasks/middleware.py:__call__", "message": "request seen", "data": {"path": "/login/", "method": "GET", "user_authenticated": false}, "timestamp": 1777125219107}
{"sessionId": "c97c4e", "runId": "pre-fix", "hypothesisId": "H1", "location": "tasks/middleware.py:__call__", "message": "request seen", "data": {"path": "/login/", "method": "GET", "user_authenticated": false}, "timestamp": 1777125221114}
{"sessionId": "c97c4e", "runId": "pre-fix", "hypothesisId": "H1", "location": "tasks/middleware.py:__call__", "message": "request seen", "data": {"path": "/login/", "method": "GET", "user_authenticated": false}, "timestamp": 1777125221369}
{"sessionId": "c97c4e", "runId": "pre-fix", "hypothesisId": "H1", "location": "tasks/middleware.py:__call__", "message": "request seen", "data": {"path": "/login/", "method": "GET", "user_authenticated": false}, "timestamp": 1777125221590}
{"sessionId": "c97c4e", "runId": "pre-fix", "hypothesisId": "H1", "location": "tasks/middleware.py:__call__", "message": "request seen", "data": {"path": "/login/", "method": "GET", "user_authenticated": false}, "timestamp": 1777125221784}
{"sessionId": "c97c4e", "runId": "pre-fix", "hypothesisId": "H1", "location": "tasks/middleware.py:__call__", "message": "request seen", "data": {"path": "/login/", "method": "GET", "user_authenticated": false}, "timestamp": 1777125221957}
{"sessionId": "c97c4e", "runId": "pre-fix", "hypothesisId": "H1", "location": "tasks/middleware.py:__call__", "message": "request seen", "data": {"path": "/login/", "method": "GET", "user_authenticated": false}, "timestamp": 1777125426764}
{"sessionId": "c97c4e", "runId": "pre-fix", "hypothesisId": "H1", "location": "tasks/middleware.py:__call__", "message": "request seen", "data": {"path": "/login/", "method": "GET", "user_authenticated": false}, "timestamp": 1777125427391}
{"sessionId": "c97c4e", "runId": "pre-fix", "hypothesisId": "H1", "location": "tasks/middleware.py:__call__", "message": "request seen", "data": {"path": "/login/", "method": "GET", "user_authenticated": false}, "timestamp": 1777125427579}
{"sessionId": "c97c4e", "runId": "pre-fix", "hypothesisId": "H1", "location": "tasks/middleware.py:__call__", "message": "request seen", "data": {"path": "/login/", "method": "GET", "user_authenticated": false}, "timestamp": 1777125427746}
{"sessionId": "c97c4e", "runId": "pre-fix", "hypothesisId": "H1", "location": "tasks/middleware.py:__call__", "message": "request seen", "data": {"path": "/login/", "method": "GET", "user_authenticated": false}, "timestamp": 1777125427927}
{"sessionId": "c97c4e", "runId": "pre-fix", "hypothesisId": "H1", "location": "tasks/middleware.py:__call__", "message": "request seen", "data": {"path": "/login/", "method": "GET", "user_authenticated": false}, "timestamp": 1777125428105}
{"sessionId": "c97c4e", "runId": "pre-fix", "hypothesisId": "H1", "location": "tasks/middleware.py:__call__", "message": "request seen", "data": {"path": "/login/", "method": "GET", "user_authenticated": false}, "timestamp": 1777125428281}
{"sessionId": "c97c4e", "runId": "pre-fix", "hypothesisId": "H1", "location": "tasks/middleware.py:__call__", "message": "request seen", "data": {"path": "/login/", "method": "GET", "user_authenticated": false}, "timestamp": 1777125428483}
{"sessionId": "c97c4e", "runId": "pre-fix", "hypothesisId": "H1", "location": "tasks/middleware.py:__call__", "message": "request seen", "data": {"path": "/login/", "method": "GET", "user_authenticated": false}, "timestamp": 1777125428661}
{"sessionId": "c97c4e", "runId": "pre-fix", "hypothesisId": "H1", "location": "tasks/middleware.py:__call__", "message": "request seen", "data": {"path": "/login/", "method": "GET", "user_authenticated": false}, "timestamp": 1777125428846}
{"sessionId": "c97c4e", "runId": "pre-fix", "hypothesisId": "H1", "location": "tasks/middleware.py:__call__", "message": "request seen", "data": {"path": "/login/", "method": "GET", "user_authenticated": false}, "timestamp": 1777125429039}
{"sessionId": "c97c4e", "runId": "pre-fix", "hypothesisId": "H1", "location": "tasks/middleware.py:__call__", "message": "request seen", "data": {"path": "/login/", "method": "GET", "user_authenticated": false}, "timestamp": 1777125429236}
